SF:lib\providers\app_config_provider.dart
DA:29,4
DA:30,2
DA:31,2
DA:32,2
DA:33,2
DA:34,2
DA:36,2
DA:37,0
DA:39,1
DA:40,2
DA:41,2
DA:42,3
DA:44,6
DA:47,0
DA:48,0
DA:49,3
DA:51,1
DA:52,1
DA:56,2
DA:58,1
DA:59,0
DA:60,0
DA:61,0
DA:62,0
DA:63,0
DA:66,2
DA:67,1
DA:68,1
DA:69,1
DA:71,1
DA:72,1
DA:75,1
DA:78,2
DA:80,2
DA:81,2
DA:82,1
DA:83,1
DA:84,1
DA:85,3
DA:86,0
DA:90,2
DA:91,2
DA:92,1
DA:93,1
DA:94,2
DA:95,2
DA:96,2
DA:97,1
DA:100,1
DA:101,1
DA:102,1
DA:106,1
DA:107,2
DA:110,1
DA:112,1
DA:113,1
DA:115,1
DA:118,1
DA:119,1
DA:122,0
DA:123,0
DA:125,0
DA:127,0
DA:128,0
DA:130,0
DA:131,0
DA:134,0
DA:136,0
DA:141,0
DA:147,0
DA:155,0
DA:157,0
DA:163,0
DA:167,0
DA:170,1
DA:173,0
DA:175,0
DA:176,0
DA:179,0
DA:186,1
DA:190,1
DA:192,1
DA:193,1
DA:199,1
DA:208,1
DA:209,1
DA:210,1
DA:211,1
DA:212,1
DA:213,1
DA:215,1
DA:216,1
DA:217,1
DA:218,1
DA:219,1
DA:220,1
DA:222,1
DA:223,1
DA:224,1
DA:227,2
DA:228,2
DA:229,2
DA:230,0
DA:231,0
DA:232,0
DA:235,1
DA:238,1
DA:239,1
DA:240,1
DA:243,1
DA:244,1
DA:245,0
DA:249,1
DA:250,1
DA:251,1
DA:254,1
DA:255,2
DA:257,2
DA:258,1
DA:259,1
DA:260,1
DA:261,1
DA:262,1
DA:263,1
DA:267,0
DA:268,0
DA:269,0
DA:273,1
DA:276,1
DA:277,1
DA:278,1
DA:280,1
DA:281,1
DA:282,1
DA:283,1
DA:284,1
DA:285,1
DA:288,1
DA:290,1
DA:291,1
DA:292,1
DA:295,1
DA:296,1
DA:297,1
DA:299,1
DA:302,1
DA:303,1
DA:306,0
DA:307,0
DA:308,0
DA:309,0
DA:312,0
DA:313,0
DA:316,0
DA:317,0
DA:318,0
DA:319,0
DA:322,0
DA:323,0
DA:324,0
DA:325,0
DA:326,0
DA:330,0
DA:331,0
DA:332,0
DA:333,0
LF:166
LH:112
end_of_record
SF:lib\services\secure_storage_service.dart
DA:23,2
DA:32,2
DA:33,4
DA:36,2
DA:37,2
DA:38,2
DA:42,2
DA:44,2
DA:47,2
DA:50,2
DA:52,2
DA:59,3
DA:60,3
DA:61,2
DA:66,8
DA:76,2
DA:77,2
DA:78,2
DA:79,2
DA:80,2
DA:83,2
DA:84,2
DA:85,2
DA:93,2
DA:95,2
DA:104,2
DA:105,2
DA:106,2
DA:107,2
DA:108,2
DA:109,2
DA:113,1
DA:114,1
DA:115,1
DA:118,1
DA:120,2
DA:121,2
DA:122,2
DA:123,1
LF:39
LH:39
end_of_record
SF:lib\models\tag.dart
DA:15,0
DA:30,0
DA:32,0
DA:33,0
DA:34,0
DA:35,0
DA:36,0
DA:37,0
DA:38,0
DA:39,0
DA:40,0
DA:41,0
DA:42,0
DA:43,0
DA:44,0
DA:48,0
DA:49,0
DA:50,0
DA:51,0
DA:52,0
DA:53,0
DA:54,0
DA:55,0
DA:56,0
DA:57,0
DA:58,0
DA:59,0
DA:60,0
DA:61,0
DA:65,0
DA:66,0
LF:31
LH:0
end_of_record
SF:lib\services\paperless_service.dart
DA:17,1
DA:24,0
DA:25,0
DA:32,1
DA:33,1
DA:59,3
DA:66,3
DA:67,9
DA:68,3
DA:72,3
DA:73,3
DA:74,3
DA:75,3
DA:76,3
DA:79,3
DA:83,3
DA:84,9
DA:85,0
DA:86,0
DA:92,12
DA:93,1
DA:95,4
DA:98,1
DA:100,1
DA:102,5
DA:105,1
DA:107,0
DA:109,0
DA:112,0
DA:117,3
DA:119,3
DA:120,3
DA:121,6
DA:126,3
DA:133,3
DA:134,3
DA:135,3
DA:138,9
DA:139,3
DA:140,3
DA:145,1
DA:146,1
DA:147,2
DA:148,1
DA:150,0
DA:151,0
DA:154,1
DA:156,2
DA:157,1
DA:158,2
DA:162,1
DA:163,1
DA:165,1
DA:167,1
DA:172,0
DA:173,0
DA:176,0
DA:185,0
DA:187,0
DA:191,0
DA:192,0
DA:193,0
DA:196,0
DA:197,0
DA:198,0
DA:199,0
DA:200,0
DA:201,0
DA:202,0
DA:204,0
DA:205,0
DA:208,0
DA:213,0
DA:215,0
DA:218,0
DA:221,0
DA:224,0
DA:229,0
DA:233,0
DA:235,0
DA:236,0
DA:239,0
DA:240,0
DA:241,0
DA:242,0
DA:243,0
DA:244,0
DA:245,0
DA:246,0
DA:247,0
DA:250,0
DA:251,0
DA:257,1
DA:266,1
DA:267,1
DA:269,2
DA:272,1
DA:275,0
DA:280,0
DA:281,0
DA:282,0
DA:283,0
DA:286,0
DA:287,0
DA:290,0
DA:291,0
DA:292,0
DA:295,0
DA:296,0
DA:299,0
DA:309,0
DA:310,0
DA:312,0
DA:315,0
DA:317,0
DA:318,0
DA:320,0
DA:323,0
DA:325,0
DA:331,0
DA:336,0
DA:340,0
DA:345,0
DA:347,0
DA:350,0
DA:354,0
DA:356,0
DA:358,0
DA:361,0
DA:362,0
DA:363,0
DA:364,0
DA:365,0
DA:366,0
DA:370,0
DA:371,0
DA:372,0
DA:373,0
DA:375,0
DA:377,0
DA:379,0
DA:382,0
DA:387,0
DA:389,0
DA:392,0
LF:145
LH:50
end_of_record
SF:lib\services\intent_handler.dart
DA:18,1
DA:32,1
DA:34,5
DA:35,3
DA:36,6
DA:41,0
DA:42,0
DA:43,0
DA:44,0
DA:45,0
DA:46,0
DA:47,0
DA:51,4
DA:52,2
DA:53,2
DA:54,1
DA:57,6
DA:58,3
DA:60,1
DA:61,1
DA:63,0
DA:65,0
DA:66,0
DA:67,0
DA:68,0
DA:69,0
DA:72,0
DA:73,0
DA:79,1
DA:80,0
DA:81,2
DA:82,2
DA:85,0
DA:88,0
DA:89,0
DA:90,0
DA:93,0
DA:100,0
DA:101,0
DA:103,0
DA:106,0
DA:107,0
DA:108,0
DA:111,0
DA:115,0
DA:116,0
DA:117,0
DA:121,0
DA:124,0
DA:133,0
DA:136,0
DA:137,0
DA:142,0
DA:143,0
DA:147,0
DA:148,0
DA:149,0
DA:150,0
DA:151,0
DA:156,0
DA:158,0
DA:159,0
DA:160,0
DA:166,0
DA:167,0
DA:168,0
DA:169,0
DA:170,0
DA:175,0
DA:177,0
DA:179,0
LF:71
LH:16
end_of_record
SF:lib\l10n\gen\app_localizations.dart
DA:65,1
DA:66,2
DA:70,1
DA:71,1
DA:537,2
DA:539,1
DA:541,2
DA:544,1
DA:546,3
DA:548,0
DA:552,1
DA:554,1
DA:555,1
DA:556,1
DA:557,0
DA:558,0
DA:561,0
LF:17
LH:13
end_of_record
SF:lib\l10n\gen\app_localizations_en.dart
DA:9,2
DA:11,0
DA:14,0
DA:17,0
DA:21,0
DA:24,0
DA:27,0
DA:30,0
DA:33,0
DA:36,0
DA:39,0
DA:42,0
DA:45,0
DA:48,0
DA:51,0
DA:54,0
DA:57,0
DA:60,0
DA:63,0
DA:66,0
DA:69,0
DA:71,0
DA:74,0
DA:77,0
DA:79,0
DA:82,0
DA:84,0
DA:87,0
DA:89,0
DA:92,1
DA:95,0
DA:98,0
DA:102,0
DA:105,1
DA:107,1
DA:110,1
DA:113,1
DA:116,1
DA:119,0
DA:121,0
DA:124,1
DA:127,1
DA:130,1
DA:133,1
DA:136,1
DA:139,1
DA:142,0
DA:144,0
DA:147,1
DA:150,1
DA:153,1
DA:156,1
DA:159,0
DA:163,0
DA:167,0
DA:170,0
DA:173,0
DA:176,0
DA:179,0
DA:182,0
DA:185,0
DA:188,0
DA:191,0
DA:194,0
DA:197,0
DA:200,0
DA:203,0
DA:206,0
DA:209,0
DA:213,0
DA:216,0
DA:219,0
DA:222,0
DA:224,0
DA:227,0
DA:230,0
DA:233,0
DA:236,0
DA:240,0
DA:243,0
DA:247,0
DA:250,0
LF:82
LH:17
end_of_record
SF:lib\l10n\gen\app_localizations_es.dart
DA:9,0
DA:11,0
DA:14,0
DA:17,0
DA:21,0
DA:24,0
DA:27,0
DA:31,0
DA:35,0
DA:38,0
DA:41,0
DA:44,0
DA:47,0
DA:50,0
DA:53,0
DA:56,0
DA:59,0
DA:62,0
DA:65,0
DA:68,0
DA:71,0
DA:73,0
DA:76,0
DA:79,0
DA:81,0
DA:84,0
DA:86,0
DA:89,0
DA:91,0
DA:94,0
DA:97,0
DA:100,0
DA:104,0
DA:107,0
DA:109,0
DA:112,0
DA:115,0
DA:118,0
DA:121,0
DA:123,0
DA:126,0
DA:129,0
DA:132,0
DA:135,0
DA:138,0
DA:141,0
DA:145,0
DA:147,0
DA:150,0
DA:153,0
DA:156,0
DA:159,0
DA:162,0
DA:166,0
DA:170,0
DA:174,0
DA:178,0
DA:182,0
DA:185,0
DA:188,0
DA:191,0
DA:194,0
DA:197,0
DA:200,0
DA:203,0
DA:206,0
DA:209,0
DA:212,0
DA:215,0
DA:219,0
DA:222,0
DA:226,0
DA:229,0
DA:231,0
DA:234,0
DA:237,0
DA:240,0
DA:244,0
DA:248,0
DA:251,0
DA:255,0
DA:259,0
LF:82
LH:0
end_of_record
SF:lib\models\upload_result.dart
DA:7,0
LF:1
LH:0
end_of_record
SF:lib\providers\upload_provider.dart
DA:16,0
DA:20,0
DA:46,0
DA:47,0
DA:48,0
DA:49,0
DA:50,0
DA:51,0
DA:52,0
DA:53,0
DA:56,0
DA:57,0
DA:58,0
DA:59,0
DA:62,0
DA:63,0
DA:64,0
DA:65,0
DA:68,0
DA:69,0
DA:72,0
DA:77,0
DA:78,0
DA:79,0
DA:80,0
DA:84,0
DA:85,0
DA:86,0
DA:87,0
DA:88,0
DA:89,0
DA:90,0
DA:91,0
DA:92,0
DA:93,0
DA:94,0
DA:95,0
DA:98,0
DA:100,0
DA:101,0
DA:105,0
DA:106,0
DA:109,0
DA:110,0
DA:112,0
DA:113,0
DA:116,0
DA:117,0
DA:118,0
DA:120,0
DA:124,0
DA:125,0
DA:129,0
DA:131,0
DA:132,0
DA:133,0
DA:135,0
DA:136,0
DA:137,0
DA:141,0
DA:142,0
DA:143,0
DA:145,0
DA:149,0
DA:150,0
DA:154,0
DA:156,0
DA:162,0
DA:163,0
DA:165,0
DA:167,0
DA:168,0
DA:169,0
DA:171,0
DA:172,0
DA:175,0
DA:178,0
DA:179,0
DA:182,0
DA:183,0
DA:187,0
DA:188,0
DA:190,0
DA:191,0
DA:192,0
DA:197,0
DA:198,0
DA:199,0
DA:202,0
DA:203,0
DA:204,0
DA:205,0
DA:210,0
DA:211,0
DA:213,0
DA:218,0
DA:219,0
DA:220,0
DA:223,0
DA:225,0
DA:226,0
DA:227,0
DA:228,0
DA:229,0
DA:230,0
DA:231,0
DA:232,0
DA:233,0
DA:234,0
DA:235,0
DA:236,0
DA:237,0
DA:238,0
DA:245,0
DA:246,0
DA:248,0
DA:255,0
DA:256,0
DA:257,0
DA:258,0
DA:259,0
DA:260,0
DA:261,0
DA:262,0
DA:263,0
DA:264,0
DA:265,0
DA:266,0
DA:267,0
DA:268,0
DA:269,0
LF:131
LH:0
end_of_record
SF:lib\screens\home_screen.dart
DA:22,1
DA:27,1
DA:28,1
DA:35,1
DA:37,1
DA:38,3
DA:39,2
DA:40,1
DA:43,1
DA:46,1
DA:50,3
DA:51,0
DA:52,0
DA:54,0
DA:57,0
DA:58,0
DA:60,0
DA:61,0
DA:62,0
DA:74,0
DA:75,0
DA:76,0
DA:77,0
DA:81,0
DA:82,0
DA:93,0
DA:97,0
DA:98,0
DA:100,0
DA:101,0
DA:108,0
DA:111,0
DA:112,0
DA:113,0
DA:118,0
DA:119,0
DA:120,0
DA:121,0
DA:122,0
DA:130,0
DA:131,0
DA:132,0
DA:133,0
DA:134,0
DA:135,0
DA:136,0
DA:137,0
DA:147,0
DA:148,0
DA:149,0
DA:150,0
DA:151,0
DA:163,1
DA:165,2
DA:166,1
DA:170,1
DA:172,2
DA:179,0
DA:180,0
DA:181,0
DA:182,0
DA:185,0
DA:186,0
DA:187,0
DA:188,0
DA:189,0
DA:197,1
DA:198,1
DA:202,0
DA:207,0
DA:208,0
DA:209,0
DA:211,0
DA:212,0
DA:214,0
DA:215,0
DA:216,0
DA:217,0
DA:220,0
DA:221,0
DA:223,0
DA:226,0
DA:229,0
DA:232,0
DA:233,0
DA:234,0
DA:245,0
DA:246,0
DA:265,1
DA:267,1
DA:268,1
DA:269,1
DA:270,2
DA:272,1
DA:273,1
DA:274,1
DA:275,0
DA:278,1
DA:284,0
DA:285,0
DA:286,0
DA:287,0
DA:289,0
DA:291,0
DA:298,0
DA:299,0
DA:307,0
DA:308,0
DA:316,0
DA:317,0
DA:319,0
DA:320,0
DA:330,1
DA:331,1
DA:332,1
DA:334,1
DA:336,1
DA:338,1
DA:339,1
DA:340,1
DA:341,1
DA:342,1
DA:343,1
DA:347,1
DA:348,1
DA:349,1
DA:350,1
DA:352,1
DA:353,1
DA:361,1
DA:362,0
DA:366,0
DA:367,0
DA:368,0
DA:369,0
DA:371,0
DA:372,0
DA:373,0
DA:374,0
DA:375,0
DA:382,1
DA:383,1
DA:384,3
DA:387,4
DA:388,1
DA:390,1
DA:392,1
DA:394,1
DA:395,1
DA:396,1
DA:397,1
DA:398,1
DA:399,1
DA:405,1
DA:406,5
DA:410,1
DA:411,1
DA:412,1
DA:413,1
DA:414,2
DA:415,1
DA:417,2
DA:418,2
DA:420,0
DA:431,1
DA:433,1
DA:434,1
DA:436,1
DA:438,1
DA:439,1
DA:440,1
DA:441,1
DA:442,1
DA:443,1
DA:444,1
DA:445,1
DA:454,1
DA:455,1
DA:456,1
DA:457,1
DA:459,0
DA:460,1
DA:467,1
DA:468,1
DA:469,1
DA:470,1
DA:471,2
DA:481,1
DA:482,1
DA:484,1
DA:486,1
DA:488,1
DA:489,1
DA:490,1
DA:493,1
DA:494,1
DA:495,1
DA:496,1
DA:497,1
DA:506,1
DA:507,1
DA:508,1
DA:509,1
DA:511,0
DA:512,1
DA:519,1
DA:520,1
DA:521,2
DA:522,1
DA:524,1
DA:525,1
DA:528,1
DA:529,1
DA:530,1
DA:531,1
DA:532,1
DA:533,1
DA:534,1
DA:537,1
DA:538,1
DA:549,0
DA:551,0
DA:552,0
DA:553,0
DA:554,0
DA:555,0
DA:556,0
DA:557,0
DA:558,0
DA:568,0
DA:571,0
DA:572,0
DA:573,0
DA:574,0
DA:576,0
DA:577,0
DA:578,0
DA:579,0
DA:580,0
DA:586,0
DA:587,0
DA:590,0
DA:600,1
DA:601,1
DA:602,1
DA:603,1
DA:604,1
DA:605,1
DA:613,1
DA:614,1
DA:615,1
DA:617,1
DA:619,1
DA:620,1
DA:621,1
DA:622,1
DA:623,1
DA:625,1
DA:626,2
DA:628,2
DA:630,2
DA:654,0
DA:655,0
DA:657,0
DA:662,0
DA:663,0
DA:664,0
DA:665,0
DA:668,0
DA:669,0
DA:670,0
DA:681,0
DA:683,0
DA:688,0
DA:690,0
DA:695,0
DA:698,0
DA:702,0
DA:705,0
DA:707,0
DA:708,0
DA:709,0
DA:710,0
DA:711,0
DA:712,0
DA:713,0
DA:714,0
DA:715,0
DA:716,0
DA:717,0
DA:718,0
DA:719,0
DA:720,0
LF:293
LH:141
end_of_record
SF:lib\widgets\tag_selection_dialog.dart
DA:12,0
DA:19,0
DA:20,0
DA:31,0
DA:33,0
DA:34,0
DA:35,0
DA:36,0
DA:37,0
DA:40,0
DA:42,0
DA:43,0
DA:44,0
DA:45,0
DA:46,0
DA:49,0
DA:51,0
DA:52,0
DA:57,0
DA:58,0
DA:59,0
DA:63,0
DA:64,0
DA:66,0
DA:67,0
DA:68,0
DA:71,0
DA:72,0
DA:73,0
DA:74,0
DA:78,0
DA:81,0
DA:82,0
DA:83,0
DA:84,0
DA:85,0
DA:88,0
DA:89,0
DA:90,0
DA:92,0
DA:93,0
DA:98,0
DA:99,0
DA:100,0
DA:104,0
DA:106,0
DA:107,0
DA:110,0
DA:112,0
DA:113,0
DA:114,0
DA:115,0
DA:122,0
DA:123,0
DA:124,0
DA:125,0
DA:126,0
DA:127,0
DA:128,0
DA:129,0
DA:130,0
DA:131,0
DA:133,0
DA:135,0
DA:137,0
DA:138,0
DA:139,0
DA:145,0
DA:146,0
DA:147,0
DA:149,0
DA:151,0
DA:152,0
DA:153,0
DA:154,0
DA:155,0
DA:161,0
DA:162,0
DA:163,0
DA:166,0
DA:167,0
DA:169,0
DA:170,0
DA:171,0
DA:172,0
DA:174,0
DA:175,0
DA:177,0
DA:179,0
DA:180,0
DA:181,0
DA:182,0
DA:185,0
DA:186,0
DA:192,0
DA:193,0
DA:194,0
DA:200,0
DA:208,0
DA:209,0
DA:210,0
DA:211,0
DA:213,0
DA:214,0
DA:215,0
DA:221,0
DA:223,0
DA:224,0
LF:108
LH:0
end_of_record
SF:lib\widgets\config_dialog.dart
DA:13,2
DA:15,0
DA:16,0
DA:42,0
DA:44,0
DA:45,0
DA:48,0
DA:49,0
DA:50,0
DA:51,0
DA:52,0
DA:55,0
DA:56,0
DA:57,0
DA:58,0
DA:60,0
DA:61,0
DA:64,0
DA:65,0
DA:68,0
DA:70,0
DA:71,0
DA:73,0
DA:74,0
DA:78,0
DA:79,0
DA:80,0
DA:82,0
DA:88,0
DA:90,0
DA:91,0
DA:92,0
DA:93,0
DA:97,0
DA:98,0
DA:99,0
DA:100,0
DA:101,0
DA:107,0
DA:108,0
DA:110,0
DA:111,0
DA:112,0
DA:115,0
DA:121,0
DA:123,0
DA:124,0
DA:125,0
DA:128,0
DA:129,0
DA:135,0
DA:139,0
DA:141,0
DA:143,0
DA:144,0
DA:149,0
DA:150,0
DA:151,0
DA:153,0
DA:156,0
DA:159,0
DA:160,0
DA:167,0
DA:170,0
DA:173,0
DA:174,0
DA:175,0
DA:176,0
DA:177,0
DA:178,0
DA:179,0
DA:180,0
DA:182,0
DA:183,0
DA:184,0
DA:190,0
DA:192,0
DA:193,0
DA:194,0
DA:195,0
DA:196,0
DA:199,0
DA:201,0
DA:202,0
DA:203,0
DA:204,0
DA:205,0
DA:206,0
DA:207,0
DA:209,0
DA:210,0
DA:211,0
DA:212,0
DA:213,0
DA:214,0
DA:217,0
DA:218,0
DA:219,0
DA:221,0
DA:222,0
DA:230,0
DA:231,0
DA:232,0
DA:233,0
DA:236,0
DA:237,0
DA:239,0
DA:241,0
DA:243,0
DA:246,0
DA:248,0
DA:249,0
DA:251,0
DA:252,0
DA:259,0
DA:261,0
DA:262,0
DA:263,0
DA:264,0
DA:267,0
DA:269,0
DA:270,0
DA:271,0
DA:278,0
DA:279,0
DA:281,0
DA:284,0
DA:286,0
DA:287,0
DA:288,0
DA:289,0
DA:290,0
DA:294,0
DA:296,0
DA:297,0
DA:298,0
DA:299,0
DA:303,0
DA:304,0
DA:306,0
DA:307,0
DA:308,0
DA:309,0
DA:314,0
DA:316,0
DA:317,0
DA:318,0
DA:321,0
DA:322,0
DA:323,0
DA:326,0
DA:327,0
DA:328,0
DA:330,0
DA:332,0
DA:333,0
DA:339,0
DA:340,0
DA:341,0
DA:342,0
DA:348,0
DA:350,0
DA:351,0
DA:353,0
DA:356,0
DA:358,0
DA:359,0
DA:360,0
DA:361,0
DA:362,0
DA:366,0
DA:367,0
DA:368,0
DA:369,0
DA:370,0
DA:374,0
DA:375,0
DA:377,0
DA:378,0
DA:379,0
DA:380,0
DA:385,0
DA:387,0
DA:388,0
DA:389,0
DA:392,0
DA:393,0
DA:394,0
DA:397,0
DA:398,0
DA:399,0
DA:401,0
DA:402,0
DA:403,0
DA:409,0
DA:410,0
DA:411,0
DA:412,0
DA:421,0
DA:422,0
DA:423,0
DA:424,0
DA:425,0
DA:426,0
DA:427,0
DA:428,0
DA:433,0
DA:434,0
DA:437,0
DA:439,0
DA:441,0
DA:443,0
DA:444,0
DA:457,0
DA:458,0
DA:459,0
DA:460,0
DA:462,0
DA:463,0
DA:465,0
DA:467,0
DA:470,0
DA:471,0
DA:473,0
DA:475,0
DA:476,0
DA:478,0
DA:481,0
DA:483,0
DA:484,0
DA:485,0
DA:496,0
LF:232
LH:1
end_of_record
SF:lib\services\version_check_service.dart
DA:45,0
DA:46,0
DA:47,0
DA:50,0
DA:52,0
DA:53,0
DA:54,0
DA:66,0
DA:67,0
DA:70,0
DA:71,0
DA:72,0
DA:74,0
DA:78,0
DA:79,0
DA:80,0
DA:83,0
DA:84,0
DA:85,0
DA:89,0
DA:90,0
DA:91,0
DA:94,0
DA:97,0
DA:99,0
DA:108,0
DA:114,0
DA:123,0
DA:125,0
DA:126,0
DA:129,0
DA:131,0
DA:132,0
DA:134,0
DA:135,0
DA:136,0
DA:139,0
DA:140,0
DA:142,0
DA:143,0
DA:147,0
DA:148,0
DA:149,0
DA:153,0
DA:154,0
DA:165,0
DA:166,0
DA:167,0
DA:173,0
DA:174,0
DA:175,0
DA:177,0
DA:184,0
DA:187,0
DA:188,0
DA:191,0
DA:220,0
DA:229,0
DA:231,0
DA:234,0
DA:235,0
DA:237,0
DA:238,0
DA:240,0
LF:64
LH:0
end_of_record
SF:lib\services\permission_service.dart
DA:10,0
DA:11,0
DA:13,0
DA:16,0
DA:17,0
DA:18,0
DA:19,0
DA:23,0
DA:27,0
DA:28,0
DA:35,0
DA:36,0
DA:37,0
DA:38,0
DA:42,0
DA:47,0
DA:48,0
DA:49,0
DA:53,0
DA:54,0
DA:58,0
DA:60,0
DA:61,0
DA:63,0
DA:64,0
DA:77,1
DA:79,1
DA:81,0
DA:82,0
DA:83,0
DA:85,0
DA:91,0
DA:92,0
DA:93,0
DA:96,0
DA:97,0
DA:98,0
DA:99,0
DA:100,0
DA:101,0
DA:102,0
DA:103,0
DA:105,0
DA:106,0
DA:107,0
DA:108,0
DA:110,0
DA:119,1
DA:120,1
DA:122,0
DA:123,0
DA:124,0
DA:129,1
LF:53
LH:5
end_of_record
